<?xml version="1.0" encoding="UTF-8" ?>
<testsuite errors="0" failures="0" hostname="igswmcwnws02158" name="PRISMtest.Package.V1ProcessTest" skipped="0" tests="4" time="0.112" timestamp="2019-09-25T15:09:15">
  <properties>
[...]
</properties>
  <testcase classname="PRISMtest.Package.V1ProcessTest" name="TestBadLSBParms" time="0.016" />
  <testcase classname="PRISMtest.Package.V1ProcessTest" name="TestV1ProcessCMS" time="0.0" />
  <testcase classname="PRISMtest.Package.V1ProcessTest" name="TestV1ProcessG" time="0.053" />
  <testcase classname="PRISMtest.Package.V1ProcessTest" name="TestBadSensitivityParms" time="0.0" />
  <system-out><![CDATA[]]></system-out>
  <system-err><![CDATA[]]></system-err>
</testsuite>
